::1 - - [24/Jan/2026 18:43:34] "GET / HTTP/1.1" 200 -
::1 - - [24/Jan/2026 18:43:34] "GET /script.js HTTP/1.1" 200 -
::1 - - [24/Jan/2026 18:43:34] "GET /styles.css HTTP/1.1" 200 -
::1 - - [24/Jan/2026 18:43:36] "GET /images/hero-background.png HTTP/1.1" 200 -
::1 - - [24/Jan/2026 18:43:37] code 404, message File not found
::1 - - [24/Jan/2026 18:43:37] "GET /favicon.ico HTTP/1.1" 404 -
::1 - - [24/Jan/2026 18:44:05] "GET / HTTP/1.1" 200 -
::1 - - [24/Jan/2026 18:44:05] "GET /styles.css HTTP/1.1" 304 -
::1 - - [24/Jan/2026 18:44:05] "GET /images/hero-background.png HTTP/1.1" 304 -
::1 - - [24/Jan/2026 18:51:56] "GET / HTTP/1.1" 200 -
::1 - - [24/Jan/2026 18:51:56] "GET /images/love-story.png HTTP/1.1" 200 -
::1 - - [24/Jan/2026 18:51:56] "GET /images/gallery-1.png HTTP/1.1" 200 -
::1 - - [24/Jan/2026 18:51:56] "GET /styles.css HTTP/1.1" 304 -
::1 - - [24/Jan/2026 18:51:56] "GET /script.js HTTP/1.1" 200 -
::1 - - [24/Jan/2026 18:51:56] "GET /images/couple-hero.png HTTP/1.1" 200 -
::1 - - [24/Jan/2026 18:51:56] "GET /images/hero-background.png HTTP/1.1" 304 -
::1 - - [24/Jan/2026 19:03:48] "GET / HTTP/1.1" 200 -
::1 - - [24/Jan/2026 19:03:48] "GET /images/gallery-dancing.png HTTP/1.1" 200 -
::1 - - [24/Jan/2026 19:03:48] "GET /images/gallery-haldi.png HTTP/1.1" 200 -
::1 - - [24/Jan/2026 19:03:48] "GET /styles.css HTTP/1.1" 200 -
::1 - - [24/Jan/2026 19:03:48] "GET /images/love-story.png HTTP/1.1" 304 -
::1 - - [24/Jan/2026 19:03:48] "GET /images/gallery-1.png HTTP/1.1" 304 -
::1 - - [24/Jan/2026 19:03:48] "GET /images/couple-hero.png HTTP/1.1" 304 -
::1 - - [24/Jan/2026 19:03:48] "GET /script.js HTTP/1.1" 304 -
::1 - - [24/Jan/2026 19:03:48] "GET /images/gallery-rings.png HTTP/1.1" 200 -
::1 - - [24/Jan/2026 19:03:48] "GET /images/hero-background.png HTTP/1.1" 304 -
::1 - - [24/Jan/2026 19:21:13] "GET / HTTP/1.1" 200 -
::1 - - [24/Jan/2026 19:21:13] "GET /styles.css HTTP/1.1" 200 -
::1 - - [24/Jan/2026 19:21:13] "GET /images/love-story.png HTTP/1.1" 304 -
::1 - - [24/Jan/2026 19:21:13] "GET /images/couple-hero.png HTTP/1.1" 304 -
::1 - - [24/Jan/2026 19:21:13] "GET /images/gallery-rings.png HTTP/1.1" 304 -
::1 - - [24/Jan/2026 19:21:13] "GET /images/gallery-1.png HTTP/1.1" 304 -
::1 - - [24/Jan/2026 19:21:13] "GET /images/gallery-dancing.png HTTP/1.1" 304 -
::1 - - [24/Jan/2026 19:21:13] "GET /images/gallery-haldi.png HTTP/1.1" 304 -
::1 - - [24/Jan/2026 19:21:13] "GET /script.js HTTP/1.1" 200 -
::1 - - [24/Jan/2026 19:21:13] "GET /images/hero-background.png HTTP/1.1" 304 -
::1 - - [24/Jan/2026 19:23:26] "GET / HTTP/1.1" 200 -
::1 - - [24/Jan/2026 19:23:26] "GET /styles.css HTTP/1.1" 304 -
::1 - - [24/Jan/2026 19:23:26] "GET /script.js HTTP/1.1" 304 -
::1 - - [24/Jan/2026 19:23:26] "GET /images/gallery-rings.png HTTP/1.1" 304 -
::1 - - [24/Jan/2026 19:23:26] "GET /images/gallery-haldi.png HTTP/1.1" 304 -
::1 - - [24/Jan/2026 19:23:26] "GET /images/gallery-dancing.png HTTP/1.1" 304 -
::1 - - [24/Jan/2026 19:23:52] "GET / HTTP/1.1" 200 -
::1 - - [24/Jan/2026 19:23:52] "GET /styles.css HTTP/1.1" 304 -
::1 - - [24/Jan/2026 19:38:21] "GET / HTTP/1.1" 200 -
::1 - - [24/Jan/2026 19:38:21] "GET /styles.css HTTP/1.1" 304 -
::1 - - [24/Jan/2026 19:38:21] "GET /script.js HTTP/1.1" 304 -
::1 - - [24/Jan/2026 19:38:21] "GET /images/love-story.png HTTP/1.1" 304 -
::1 - - [24/Jan/2026 19:38:21] "GET /images/couple-hero.png HTTP/1.1" 304 -
::1 - - [24/Jan/2026 19:38:21] "GET /images/gallery-haldi.png HTTP/1.1" 304 -
::1 - - [24/Jan/2026 19:38:21] "GET /images/gallery-1.png HTTP/1.1" 304 -
::1 - - [24/Jan/2026 19:38:21] "GET /images/gallery-dancing.png HTTP/1.1" 304 -
::1 - - [24/Jan/2026 19:38:21] "GET /images/gallery-rings.png HTTP/1.1" 304 -
::1 - - [24/Jan/2026 19:38:21] "GET /images/hero-background.png HTTP/1.1" 304 -
::1 - - [24/Jan/2026 19:38:51] "GET / HTTP/1.1" 200 -
::1 - - [24/Jan/2026 19:55:24] "GET / HTTP/1.1" 200 -
::1 - - [24/Jan/2026 19:55:24] "GET /styles.css HTTP/1.1" 304 -
::1 - - [24/Jan/2026 19:55:24] "GET /images/love-story.png HTTP/1.1" 304 -
::1 - - [24/Jan/2026 19:55:24] "GET /images/couple-hero.png HTTP/1.1" 304 -
::1 - - [24/Jan/2026 19:55:24] "GET /images/gallery-1.png HTTP/1.1" 304 -
::1 - - [24/Jan/2026 19:55:24] "GET /images/gallery-dancing.png HTTP/1.1" 304 -
::1 - - [24/Jan/2026 19:55:24] "GET /images/gallery-haldi.png HTTP/1.1" 304 -
::1 - - [24/Jan/2026 19:55:24] "GET /images/gallery-rings.png HTTP/1.1" 304 -
::1 - - [24/Jan/2026 19:55:24] "GET /script.js HTTP/1.1" 304 -
::1 - - [24/Jan/2026 19:55:24] "GET /images/hero-background.png HTTP/1.1" 304 -
::1 - - [24/Jan/2026 20:05:57] "GET / HTTP/1.1" 200 -
::1 - - [24/Jan/2026 20:05:57] "GET /styles.css HTTP/1.1" 200 -
::1 - - [24/Jan/2026 20:05:57] "GET /images/love-story.png HTTP/1.1" 304 -
::1 - - [24/Jan/2026 20:05:57] "GET /images/couple-hero.png HTTP/1.1" 304 -
::1 - - [24/Jan/2026 20:05:57] "GET /script.js HTTP/1.1" 200 -
::1 - - [24/Jan/2026 20:05:57] "GET /images/gallery-1.png HTTP/1.1" 304 -
::1 - - [24/Jan/2026 20:05:57] "GET /images/gallery-rings.png HTTP/1.1" 304 -
::1 - - [24/Jan/2026 20:05:57] "GET /images/gallery-haldi.png HTTP/1.1" 304 -
::1 - - [24/Jan/2026 20:05:57] "GET /images/gallery-dancing.png HTTP/1.1" 304 -
::1 - - [24/Jan/2026 20:05:57] "GET /images/hero-background.png HTTP/1.1" 304 -
::1 - - [24/Jan/2026 20:08:41] "GET / HTTP/1.1" 200 -
::1 - - [24/Jan/2026 20:08:41] "GET /styles.css HTTP/1.1" 304 -
::1 - - [24/Jan/2026 20:08:41] "GET /script.js HTTP/1.1" 304 -
::1 - - [24/Jan/2026 20:27:12] "GET / HTTP/1.1" 200 -
::1 - - [24/Jan/2026 20:27:12] "GET /styles.css HTTP/1.1" 304 -
::1 - - [24/Jan/2026 20:27:12] "GET /script.js HTTP/1.1" 304 -
::1 - - [24/Jan/2026 20:27:12] "GET /images/love-story.png HTTP/1.1" 304 -
::1 - - [24/Jan/2026 20:27:12] "GET /images/couple-hero.png HTTP/1.1" 304 -
::1 - - [24/Jan/2026 20:27:12] "GET /images/gallery-1.png HTTP/1.1" 304 -
::1 - - [24/Jan/2026 20:27:12] "GET /images/gallery-dancing.png HTTP/1.1" 304 -
::1 - - [24/Jan/2026 20:27:12] "GET /images/gallery-haldi.png HTTP/1.1" 304 -
::1 - - [24/Jan/2026 20:27:12] "GET /images/gallery-rings.png HTTP/1.1" 304 -
::1 - - [24/Jan/2026 20:27:12] "GET /images/hero-background.png HTTP/1.1" 200 -
::1 - - [24/Jan/2026 20:27:55] "GET / HTTP/1.1" 200 -
::1 - - [24/Jan/2026 20:27:55] "GET /images/hero-background.png HTTP/1.1" 304 -
::1 - - [24/Jan/2026 20:28:02] "GET / HTTP/1.1" 200 -
::1 - - [24/Jan/2026 20:37:49] "GET / HTTP/1.1" 200 -
::1 - - [24/Jan/2026 20:37:49] "GET /styles.css HTTP/1.1" 304 -
::1 - - [24/Jan/2026 20:37:49] "GET /images/love-story.png HTTP/1.1" 304 -
::1 - - [24/Jan/2026 20:37:49] "GET /images/gallery-rings.png HTTP/1.1" 304 -
::1 - - [24/Jan/2026 20:37:49] "GET /images/couple-hero.png HTTP/1.1" 304 -
::1 - - [24/Jan/2026 20:37:49] "GET /script.js HTTP/1.1" 304 -
::1 - - [24/Jan/2026 20:37:49] "GET /images/gallery-dancing.png HTTP/1.1" 304 -
::1 - - [24/Jan/2026 20:37:49] "GET /images/gallery-haldi.png HTTP/1.1" 304 -
::1 - - [24/Jan/2026 20:37:49] "GET /images/gallery-1.png HTTP/1.1" 304 -
::1 - - [24/Jan/2026 20:37:49] "GET /images/hero-background.png HTTP/1.1" 200 -
::1 - - [24/Jan/2026 20:44:36] "GET / HTTP/1.1" 200 -
::1 - - [24/Jan/2026 20:44:36] "GET /styles.css HTTP/1.1" 200 -
::1 - - [24/Jan/2026 20:44:36] "GET /script.js HTTP/1.1" 200 -
::1 - - [24/Jan/2026 20:44:36] "GET /images/hero-background.png HTTP/1.1" 304 -
::1 - - [24/Jan/2026 20:44:45] "GET / HTTP/1.1" 200 -
::1 - - [24/Jan/2026 20:48:28] "GET / HTTP/1.1" 200 -
::1 - - [24/Jan/2026 20:48:28] "GET /styles.css HTTP/1.1" 200 -
::1 - - [24/Jan/2026 20:48:28] "GET /images/gallery-haldi.png HTTP/1.1" 304 -
::1 - - [24/Jan/2026 20:48:28] "GET /images/gallery-rings.png HTTP/1.1" 304 -
::1 - - [24/Jan/2026 20:48:28] "GET /script.js HTTP/1.1" 304 -
::1 - - [24/Jan/2026 20:48:28] "GET /images/gallery-dancing.png HTTP/1.1" 304 -
::1 - - [24/Jan/2026 20:48:28] "GET /images/hero-new.jpg HTTP/1.1" 200 -
::1 - - [24/Jan/2026 20:51:05] "GET / HTTP/1.1" 200 -
::1 - - [24/Jan/2026 20:51:05] "GET /styles.css HTTP/1.1" 200 -
::1 - - [24/Jan/2026 20:51:05] "GET /images/love-story.png HTTP/1.1" 304 -
::1 - - [24/Jan/2026 20:51:05] "GET /script.js HTTP/1.1" 304 -
::1 - - [24/Jan/2026 20:51:05] "GET /images/couple-hero.png HTTP/1.1" 304 -
::1 - - [24/Jan/2026 20:51:05] "GET /images/gallery-1.png HTTP/1.1" 304 -
::1 - - [24/Jan/2026 20:51:05] "GET /images/hero-new.jpg HTTP/1.1" 304 -
::1 - - [24/Jan/2026 20:53:12] "GET / HTTP/1.1" 200 -
::1 - - [24/Jan/2026 20:53:12] "GET /styles.css HTTP/1.1" 200 -
::1 - - [24/Jan/2026 20:53:12] "GET /script.js HTTP/1.1" 304 -
::1 - - [24/Jan/2026 20:53:12] "GET /images/hero-new.jpg HTTP/1.1" 304 -
::1 - - [24/Jan/2026 20:54:18] "GET / HTTP/1.1" 200 -
::1 - - [24/Jan/2026 20:54:18] "GET /styles.css HTTP/1.1" 200 -
::1 - - [24/Jan/2026 20:54:18] "GET /script.js HTTP/1.1" 304 -
::1 - - [24/Jan/2026 20:54:18] "GET /images/hero-new.jpg HTTP/1.1" 304 -
::1 - - [24/Jan/2026 21:00:43] "GET / HTTP/1.1" 200 -
::1 - - [24/Jan/2026 21:00:43] "GET /styles.css HTTP/1.1" 200 -
::1 - - [24/Jan/2026 21:00:43] "GET /images/gallery-dancing.png HTTP/1.1" 304 -
::1 - - [24/Jan/2026 21:00:43] "GET /script.js HTTP/1.1" 200 -
::1 - - [24/Jan/2026 21:00:43] "GET /images/gallery-rings.png HTTP/1.1" 304 -
::1 - - [24/Jan/2026 21:00:43] "GET /images/gallery-haldi.png HTTP/1.1" 304 -
::1 - - [24/Jan/2026 21:00:43] "GET /images/hero-new.jpg HTTP/1.1" 304 -
::1 - - [24/Jan/2026 21:01:46] "GET / HTTP/1.1" 200 -
::1 - - [24/Jan/2026 21:01:46] "GET /styles.css HTTP/1.1" 304 -
::1 - - [24/Jan/2026 21:01:46] "GET /script.js HTTP/1.1" 304 -
::1 - - [24/Jan/2026 21:08:56] "GET / HTTP/1.1" 200 -
::1 - - [24/Jan/2026 21:08:56] "GET /images/gallery-prewedding.png HTTP/1.1" 200 -
::1 - - [24/Jan/2026 21:08:56] "GET /images/gallery-family.png HTTP/1.1" 200 -
::1 - - [24/Jan/2026 21:08:56] "GET /styles.css HTTP/1.1" 200 -
::1 - - [24/Jan/2026 21:08:56] "GET /images/love-story.png HTTP/1.1" 304 -
::1 - - [24/Jan/2026 21:08:56] "GET /script.js HTTP/1.1" 304 -
::1 - - [24/Jan/2026 21:08:56] "GET /images/gallery-candid.png HTTP/1.1" 200 -
::1 - - [24/Jan/2026 21:08:56] "GET /images/hero-new.jpg HTTP/1.1" 304 -
